<testsuites id="" name="" tests="210" failures="0" skipped="210" errors="0" time="0.05203000000000008">
<testsuite name="dashboard.spec.ts" timestamp="2026-02-12T04:36:41.162Z" hostname="chromium" tests="12" failures="0" skipped="12" time="0" errors="0">
<testcase name="Dashboard Tests › stats cards display correct data" classname="dashboard.spec.ts" time="0">
<skipped>
</skipped>
</testcase>
<testcase name="Dashboard Tests › container counters update correctly" classname="dashboard.spec.ts" time="0">
<skipped>
</skipped>
</testcase>
<testcase name="Dashboard Tests › image counters display correctly" classname="dashboard.spec.ts" time="0">
<skipped>
</skipped>
</testcase>
<testcase name="Dashboard Tests › volume and network counters" classname="dashboard.spec.ts" time="0">
<skipped>
</skipped>
</testcase>
<testcase name="Dashboard Tests › quick actions work correctly" classname="dashboard.spec.ts" time="0">
<skipped>
</skipped>
</testcase>
<testcase name="Dashboard Tests › resource graphs are displayed" classname="dashboard.spec.ts" time="0">
<skipped>
</skipped>
</testcase>
<testcase name="Dashboard Tests › recent alerts are displayed" classname="dashboard.spec.ts" time="0">
<skipped>
</skipped>
</testcase>
<testcase name="Dashboard Tests › responsive design across viewports" classname="dashboard.spec.ts" time="0">
<skipped>
</skipped>
</testcase>
<testcase name="Dashboard Tests › dashboard accessibility compliance" classname="dashboard.spec.ts" time="0">
<skipped>
</skipped>
</testcase>
<testcase name="Dashboard Tests › dashboard performance budget" classname="dashboard.spec.ts" time="0">
<skipped>
</skipped>
</testcase>
<testcase name="Dashboard Tests › data refresh and auto-update" classname="dashboard.spec.ts" time="0">
<skipped>
</skipped>
</testcase>
<testcase name="Dashboard Tests › cross-browser dashboard rendering" classname="dashboard.spec.ts" time="0">
<skipped>
</skipped>
</testcase>
</testsuite>
<testsuite name="i18n.spec.ts" timestamp="2026-02-12T04:36:41.162Z" hostname="chromium" tests="15" failures="0" skipped="15" time="0" errors="0">
<testcase name="Internationalization Tests › change language to Español (es)" classname="i18n.spec.ts" time="0">
<skipped>
</skipped>
</testcase>
<testcase name="Internationalization Tests › change language to English (en)" classname="i18n.spec.ts" time="0">
<skipped>
</skipped>
</testcase>
<testcase name="Internationalization Tests › change language to Français (fr)" classname="i18n.spec.ts" time="0">
<skipped>
</skipped>
</testcase>
<testcase name="Internationalization Tests › change language to Deutsch (de)" classname="i18n.spec.ts" time="0">
<skipped>
</skipped>
</testcase>
<testcase name="Internationalization Tests › change language to 中文 (zh)" classname="i18n.spec.ts" time="0">
<skipped>
</skipped>
</testcase>
<testcase name="Internationalization Tests › texts translated correctly" classname="i18n.spec.ts" time="0">
<skipped>
</skipped>
</testcase>
<testcase name="Internationalization Tests › language persistence" classname="i18n.spec.ts" time="0">
<skipped>
</skipped>
</testcase>
<testcase name="Internationalization Tests › dates formatted according to locale" classname="i18n.spec.ts" time="0">
<skipped>
</skipped>
</testcase>
<testcase name="Internationalization Tests › numbers formatted according to locale" classname="i18n.spec.ts" time="0">
<skipped>
</skipped>
</testcase>
<testcase name="Internationalization Tests › RTL support for applicable languages" classname="i18n.spec.ts" time="0">
<skipped>
</skipped>
</testcase>
<testcase name="Internationalization Tests › language switcher accessibility" classname="i18n.spec.ts" time="0">
<skipped>
</skipped>
</testcase>
<testcase name="Internationalization Tests › language preference in URL" classname="i18n.spec.ts" time="0">
<skipped>
</skipped>
</testcase>
<testcase name="Internationalization Tests › language preference in cookies" classname="i18n.spec.ts" time="0">
<skipped>
</skipped>
</testcase>
<testcase name="Internationalization Tests › currency and unit formatting by locale" classname="i18n.spec.ts" time="0">
<skipped>
</skipped>
</testcase>
<testcase name="Internationalization Tests › cross-browser i18n support" classname="i18n.spec.ts" time="0">
<skipped>
</skipped>
</testcase>
</testsuite>
<testsuite name="responsive.spec.ts" timestamp="2026-02-12T04:36:41.162Z" hostname="chromium" tests="15" failures="0" skipped="15" time="0" errors="0">
<testcase name="Responsive Design Tests › desktop viewport (1920x1080) displays correctly" classname="responsive.spec.ts" time="0">
<skipped>
</skipped>
</testcase>
<testcase name="Responsive Design Tests › tablet viewport (768x1024) displays correctly" classname="responsive.spec.ts" time="0">
<skipped>
</skipped>
</testcase>
<testcase name="Responsive Design Tests › mobile viewport (375x667) displays correctly" classname="responsive.spec.ts" time="0">
<skipped>
</skipped>
</testcase>
<testcase name="Responsive Design Tests › sidebar behaves correctly across viewports" classname="responsive.spec.ts" time="0">
<skipped>
</skipped>
</testcase>
<testcase name="Responsive Design Tests › adaptive tables on different viewports" classname="responsive.spec.ts" time="0">
<skipped>
</skipped>
</testcase>
<testcase name="Responsive Design Tests › hamburger menu functionality on mobile" classname="responsive.spec.ts" time="0">
<skipped>
</skipped>
</testcase>
<testcase name="Responsive Design Tests › responsive navigation across all pages" classname="responsive.spec.ts" time="0">
<skipped>
</skipped>
</testcase>
<testcase name="Responsive Design Tests › touch targets are appropriately sized on mobile" classname="responsive.spec.ts" time="0">
<skipped>
</skipped>
</testcase>
<testcase name="Responsive Design Tests › responsive images and media" classname="responsive.spec.ts" time="0">
<skipped>
</skipped>
</testcase>
<testcase name="Responsive Design Tests › responsive typography scales correctly" classname="responsive.spec.ts" time="0">
<skipped>
</skipped>
</testcase>
<testcase name="Responsive Design Tests › responsive forms and inputs" classname="responsive.spec.ts" time="0">
<skipped>
</skipped>
</testcase>
<testcase name="Responsive Design Tests › orientation change handling" classname="responsive.spec.ts" time="0">
<skipped>
</skipped>
</testcase>
<testcase name="Responsive Design Tests › responsive accessibility compliance" classname="responsive.spec.ts" time="0">
<skipped>
</skipped>
</testcase>
<testcase name="Responsive Design Tests › responsive performance on viewport change" classname="responsive.spec.ts" time="0">
<skipped>
</skipped>
</testcase>
<testcase name="Responsive Design Tests › cross-browser responsive rendering" classname="responsive.spec.ts" time="0">
<skipped>
</skipped>
</testcase>
</testsuite>
<testsuite name="dashboard.spec.ts" timestamp="2026-02-12T04:36:41.162Z" hostname="firefox" tests="12" failures="0" skipped="12" time="0" errors="0">
<testcase name="Dashboard Tests › stats cards display correct data" classname="dashboard.spec.ts" time="0">
<skipped>
</skipped>
</testcase>
<testcase name="Dashboard Tests › container counters update correctly" classname="dashboard.spec.ts" time="0">
<skipped>
</skipped>
</testcase>
<testcase name="Dashboard Tests › image counters display correctly" classname="dashboard.spec.ts" time="0">
<skipped>
</skipped>
</testcase>
<testcase name="Dashboard Tests › volume and network counters" classname="dashboard.spec.ts" time="0">
<skipped>
</skipped>
</testcase>
<testcase name="Dashboard Tests › quick actions work correctly" classname="dashboard.spec.ts" time="0">
<skipped>
</skipped>
</testcase>
<testcase name="Dashboard Tests › resource graphs are displayed" classname="dashboard.spec.ts" time="0">
<skipped>
</skipped>
</testcase>
<testcase name="Dashboard Tests › recent alerts are displayed" classname="dashboard.spec.ts" time="0">
<skipped>
</skipped>
</testcase>
<testcase name="Dashboard Tests › responsive design across viewports" classname="dashboard.spec.ts" time="0">
<skipped>
</skipped>
</testcase>
<testcase name="Dashboard Tests › dashboard accessibility compliance" classname="dashboard.spec.ts" time="0">
<skipped>
</skipped>
</testcase>
<testcase name="Dashboard Tests › dashboard performance budget" classname="dashboard.spec.ts" time="0">
<skipped>
</skipped>
</testcase>
<testcase name="Dashboard Tests › data refresh and auto-update" classname="dashboard.spec.ts" time="0">
<skipped>
</skipped>
</testcase>
<testcase name="Dashboard Tests › cross-browser dashboard rendering" classname="dashboard.spec.ts" time="0">
<skipped>
</skipped>
</testcase>
</testsuite>
<testsuite name="i18n.spec.ts" timestamp="2026-02-12T04:36:41.162Z" hostname="firefox" tests="15" failures="0" skipped="15" time="0" errors="0">
<testcase name="Internationalization Tests › change language to Español (es)" classname="i18n.spec.ts" time="0">
<skipped>
</skipped>
</testcase>
<testcase name="Internationalization Tests › change language to English (en)" classname="i18n.spec.ts" time="0">
<skipped>
</skipped>
</testcase>
<testcase name="Internationalization Tests › change language to Français (fr)" classname="i18n.spec.ts" time="0">
<skipped>
</skipped>
</testcase>
<testcase name="Internationalization Tests › change language to Deutsch (de)" classname="i18n.spec.ts" time="0">
<skipped>
</skipped>
</testcase>
<testcase name="Internationalization Tests › change language to 中文 (zh)" classname="i18n.spec.ts" time="0">
<skipped>
</skipped>
</testcase>
<testcase name="Internationalization Tests › texts translated correctly" classname="i18n.spec.ts" time="0">
<skipped>
</skipped>
</testcase>
<testcase name="Internationalization Tests › language persistence" classname="i18n.spec.ts" time="0">
<skipped>
</skipped>
</testcase>
<testcase name="Internationalization Tests › dates formatted according to locale" classname="i18n.spec.ts" time="0">
<skipped>
</skipped>
</testcase>
<testcase name="Internationalization Tests › numbers formatted according to locale" classname="i18n.spec.ts" time="0">
<skipped>
</skipped>
</testcase>
<testcase name="Internationalization Tests › RTL support for applicable languages" classname="i18n.spec.ts" time="0">
<skipped>
</skipped>
</testcase>
<testcase name="Internationalization Tests › language switcher accessibility" classname="i18n.spec.ts" time="0">
<skipped>
</skipped>
</testcase>
<testcase name="Internationalization Tests › language preference in URL" classname="i18n.spec.ts" time="0">
<skipped>
</skipped>
</testcase>
<testcase name="Internationalization Tests › language preference in cookies" classname="i18n.spec.ts" time="0">
<skipped>
</skipped>
</testcase>
<testcase name="Internationalization Tests › currency and unit formatting by locale" classname="i18n.spec.ts" time="0">
<skipped>
</skipped>
</testcase>
<testcase name="Internationalization Tests › cross-browser i18n support" classname="i18n.spec.ts" time="0">
<skipped>
</skipped>
</testcase>
</testsuite>
<testsuite name="responsive.spec.ts" timestamp="2026-02-12T04:36:41.162Z" hostname="firefox" tests="15" failures="0" skipped="15" time="0" errors="0">
<testcase name="Responsive Design Tests › desktop viewport (1920x1080) displays correctly" classname="responsive.spec.ts" time="0">
<skipped>
</skipped>
</testcase>
<testcase name="Responsive Design Tests › tablet viewport (768x1024) displays correctly" classname="responsive.spec.ts" time="0">
<skipped>
</skipped>
</testcase>
<testcase name="Responsive Design Tests › mobile viewport (375x667) displays correctly" classname="responsive.spec.ts" time="0">
<skipped>
</skipped>
</testcase>
<testcase name="Responsive Design Tests › sidebar behaves correctly across viewports" classname="responsive.spec.ts" time="0">
<skipped>
</skipped>
</testcase>
<testcase name="Responsive Design Tests › adaptive tables on different viewports" classname="responsive.spec.ts" time="0">
<skipped>
</skipped>
</testcase>
<testcase name="Responsive Design Tests › hamburger menu functionality on mobile" classname="responsive.spec.ts" time="0">
<skipped>
</skipped>
</testcase>
<testcase name="Responsive Design Tests › responsive navigation across all pages" classname="responsive.spec.ts" time="0">
<skipped>
</skipped>
</testcase>
<testcase name="Responsive Design Tests › touch targets are appropriately sized on mobile" classname="responsive.spec.ts" time="0">
<skipped>
</skipped>
</testcase>
<testcase name="Responsive Design Tests › responsive images and media" classname="responsive.spec.ts" time="0">
<skipped>
</skipped>
</testcase>
<testcase name="Responsive Design Tests › responsive typography scales correctly" classname="responsive.spec.ts" time="0">
<skipped>
</skipped>
</testcase>
<testcase name="Responsive Design Tests › responsive forms and inputs" classname="responsive.spec.ts" time="0">
<skipped>
</skipped>
</testcase>
<testcase name="Responsive Design Tests › orientation change handling" classname="responsive.spec.ts" time="0">
<skipped>
</skipped>
</testcase>
<testcase name="Responsive Design Tests › responsive accessibility compliance" classname="responsive.spec.ts" time="0">
<skipped>
</skipped>
</testcase>
<testcase name="Responsive Design Tests › responsive performance on viewport change" classname="responsive.spec.ts" time="0">
<skipped>
</skipped>
</testcase>
<testcase name="Responsive Design Tests › cross-browser responsive rendering" classname="responsive.spec.ts" time="0">
<skipped>
</skipped>
</testcase>
</testsuite>
<testsuite name="dashboard.spec.ts" timestamp="2026-02-12T04:36:41.162Z" hostname="webkit" tests="12" failures="0" skipped="12" time="0" errors="0">
<testcase name="Dashboard Tests › stats cards display correct data" classname="dashboard.spec.ts" time="0">
<skipped>
</skipped>
</testcase>
<testcase name="Dashboard Tests › container counters update correctly" classname="dashboard.spec.ts" time="0">
<skipped>
</skipped>
</testcase>
<testcase name="Dashboard Tests › image counters display correctly" classname="dashboard.spec.ts" time="0">
<skipped>
</skipped>
</testcase>
<testcase name="Dashboard Tests › volume and network counters" classname="dashboard.spec.ts" time="0">
<skipped>
</skipped>
</testcase>
<testcase name="Dashboard Tests › quick actions work correctly" classname="dashboard.spec.ts" time="0">
<skipped>
</skipped>
</testcase>
<testcase name="Dashboard Tests › resource graphs are displayed" classname="dashboard.spec.ts" time="0">
<skipped>
</skipped>
</testcase>
<testcase name="Dashboard Tests › recent alerts are displayed" classname="dashboard.spec.ts" time="0">
<skipped>
</skipped>
</testcase>
<testcase name="Dashboard Tests › responsive design across viewports" classname="dashboard.spec.ts" time="0">
<skipped>
</skipped>
</testcase>
<testcase name="Dashboard Tests › dashboard accessibility compliance" classname="dashboard.spec.ts" time="0">
<skipped>
</skipped>
</testcase>
<testcase name="Dashboard Tests › dashboard performance budget" classname="dashboard.spec.ts" time="0">
<skipped>
</skipped>
</testcase>
<testcase name="Dashboard Tests › data refresh and auto-update" classname="dashboard.spec.ts" time="0">
<skipped>
</skipped>
</testcase>
<testcase name="Dashboard Tests › cross-browser dashboard rendering" classname="dashboard.spec.ts" time="0">
<skipped>
</skipped>
</testcase>
</testsuite>
<testsuite name="i18n.spec.ts" timestamp="2026-02-12T04:36:41.162Z" hostname="webkit" tests="15" failures="0" skipped="15" time="0" errors="0">
<testcase name="Internationalization Tests › change language to Español (es)" classname="i18n.spec.ts" time="0">
<skipped>
</skipped>
</testcase>
<testcase name="Internationalization Tests › change language to English (en)" classname="i18n.spec.ts" time="0">
<skipped>
</skipped>
</testcase>
<testcase name="Internationalization Tests › change language to Français (fr)" classname="i18n.spec.ts" time="0">
<skipped>
</skipped>
</testcase>
<testcase name="Internationalization Tests › change language to Deutsch (de)" classname="i18n.spec.ts" time="0">
<skipped>
</skipped>
</testcase>
<testcase name="Internationalization Tests › change language to 中文 (zh)" classname="i18n.spec.ts" time="0">
<skipped>
</skipped>
</testcase>
<testcase name="Internationalization Tests › texts translated correctly" classname="i18n.spec.ts" time="0">
<skipped>
</skipped>
</testcase>
<testcase name="Internationalization Tests › language persistence" classname="i18n.spec.ts" time="0">
<skipped>
</skipped>
</testcase>
<testcase name="Internationalization Tests › dates formatted according to locale" classname="i18n.spec.ts" time="0">
<skipped>
</skipped>
</testcase>
<testcase name="Internationalization Tests › numbers formatted according to locale" classname="i18n.spec.ts" time="0">
<skipped>
</skipped>
</testcase>
<testcase name="Internationalization Tests › RTL support for applicable languages" classname="i18n.spec.ts" time="0">
<skipped>
</skipped>
</testcase>
<testcase name="Internationalization Tests › language switcher accessibility" classname="i18n.spec.ts" time="0">
<skipped>
</skipped>
</testcase>
<testcase name="Internationalization Tests › language preference in URL" classname="i18n.spec.ts" time="0">
<skipped>
</skipped>
</testcase>
<testcase name="Internationalization Tests › language preference in cookies" classname="i18n.spec.ts" time="0">
<skipped>
</skipped>
</testcase>
<testcase name="Internationalization Tests › currency and unit formatting by locale" classname="i18n.spec.ts" time="0">
<skipped>
</skipped>
</testcase>
<testcase name="Internationalization Tests › cross-browser i18n support" classname="i18n.spec.ts" time="0">
<skipped>
</skipped>
</testcase>
</testsuite>
<testsuite name="responsive.spec.ts" timestamp="2026-02-12T04:36:41.162Z" hostname="webkit" tests="15" failures="0" skipped="15" time="0" errors="0">
<testcase name="Responsive Design Tests › desktop viewport (1920x1080) displays correctly" classname="responsive.spec.ts" time="0">
<skipped>
</skipped>
</testcase>
<testcase name="Responsive Design Tests › tablet viewport (768x1024) displays correctly" classname="responsive.spec.ts" time="0">
<skipped>
</skipped>
</testcase>
<testcase name="Responsive Design Tests › mobile viewport (375x667) displays correctly" classname="responsive.spec.ts" time="0">
<skipped>
</skipped>
</testcase>
<testcase name="Responsive Design Tests › sidebar behaves correctly across viewports" classname="responsive.spec.ts" time="0">
<skipped>
</skipped>
</testcase>
<testcase name="Responsive Design Tests › adaptive tables on different viewports" classname="responsive.spec.ts" time="0">
<skipped>
</skipped>
</testcase>
<testcase name="Responsive Design Tests › hamburger menu functionality on mobile" classname="responsive.spec.ts" time="0">
<skipped>
</skipped>
</testcase>
<testcase name="Responsive Design Tests › responsive navigation across all pages" classname="responsive.spec.ts" time="0">
<skipped>
</skipped>
</testcase>
<testcase name="Responsive Design Tests › touch targets are appropriately sized on mobile" classname="responsive.spec.ts" time="0">
<skipped>
</skipped>
</testcase>
<testcase name="Responsive Design Tests › responsive images and media" classname="responsive.spec.ts" time="0">
<skipped>
</skipped>
</testcase>
<testcase name="Responsive Design Tests › responsive typography scales correctly" classname="responsive.spec.ts" time="0">
<skipped>
</skipped>
</testcase>
<testcase name="Responsive Design Tests › responsive forms and inputs" classname="responsive.spec.ts" time="0">
<skipped>
</skipped>
</testcase>
<testcase name="Responsive Design Tests › orientation change handling" classname="responsive.spec.ts" time="0">
<skipped>
</skipped>
</testcase>
<testcase name="Responsive Design Tests › responsive accessibility compliance" classname="responsive.spec.ts" time="0">
<skipped>
</skipped>
</testcase>
<testcase name="Responsive Design Tests › responsive performance on viewport change" classname="responsive.spec.ts" time="0">
<skipped>
</skipped>
</testcase>
<testcase name="Responsive Design Tests › cross-browser responsive rendering" classname="responsive.spec.ts" time="0">
<skipped>
</skipped>
</testcase>
</testsuite>
<testsuite name="dashboard.spec.ts" timestamp="2026-02-12T04:36:41.162Z" hostname="Mobile Chrome" tests="12" failures="0" skipped="12" time="0" errors="0">
<testcase name="Dashboard Tests › stats cards display correct data" classname="dashboard.spec.ts" time="0">
<skipped>
</skipped>
</testcase>
<testcase name="Dashboard Tests › container counters update correctly" classname="dashboard.spec.ts" time="0">
<skipped>
</skipped>
</testcase>
<testcase name="Dashboard Tests › image counters display correctly" classname="dashboard.spec.ts" time="0">
<skipped>
</skipped>
</testcase>
<testcase name="Dashboard Tests › volume and network counters" classname="dashboard.spec.ts" time="0">
<skipped>
</skipped>
</testcase>
<testcase name="Dashboard Tests › quick actions work correctly" classname="dashboard.spec.ts" time="0">
<skipped>
</skipped>
</testcase>
<testcase name="Dashboard Tests › resource graphs are displayed" classname="dashboard.spec.ts" time="0">
<skipped>
</skipped>
</testcase>
<testcase name="Dashboard Tests › recent alerts are displayed" classname="dashboard.spec.ts" time="0">
<skipped>
</skipped>
</testcase>
<testcase name="Dashboard Tests › responsive design across viewports" classname="dashboard.spec.ts" time="0">
<skipped>
</skipped>
</testcase>
<testcase name="Dashboard Tests › dashboard accessibility compliance" classname="dashboard.spec.ts" time="0">
<skipped>
</skipped>
</testcase>
<testcase name="Dashboard Tests › dashboard performance budget" classname="dashboard.spec.ts" time="0">
<skipped>
</skipped>
</testcase>
<testcase name="Dashboard Tests › data refresh and auto-update" classname="dashboard.spec.ts" time="0">
<skipped>
</skipped>
</testcase>
<testcase name="Dashboard Tests › cross-browser dashboard rendering" classname="dashboard.spec.ts" time="0">
<skipped>
</skipped>
</testcase>
</testsuite>
<testsuite name="i18n.spec.ts" timestamp="2026-02-12T04:36:41.162Z" hostname="Mobile Chrome" tests="15" failures="0" skipped="15" time="0" errors="0">
<testcase name="Internationalization Tests › change language to Español (es)" classname="i18n.spec.ts" time="0">
<skipped>
</skipped>
</testcase>
<testcase name="Internationalization Tests › change language to English (en)" classname="i18n.spec.ts" time="0">
<skipped>
</skipped>
</testcase>
<testcase name="Internationalization Tests › change language to Français (fr)" classname="i18n.spec.ts" time="0">
<skipped>
</skipped>
</testcase>
<testcase name="Internationalization Tests › change language to Deutsch (de)" classname="i18n.spec.ts" time="0">
<skipped>
</skipped>
</testcase>
<testcase name="Internationalization Tests › change language to 中文 (zh)" classname="i18n.spec.ts" time="0">
<skipped>
</skipped>
</testcase>
<testcase name="Internationalization Tests › texts translated correctly" classname="i18n.spec.ts" time="0">
<skipped>
</skipped>
</testcase>
<testcase name="Internationalization Tests › language persistence" classname="i18n.spec.ts" time="0">
<skipped>
</skipped>
</testcase>
<testcase name="Internationalization Tests › dates formatted according to locale" classname="i18n.spec.ts" time="0">
<skipped>
</skipped>
</testcase>
<testcase name="Internationalization Tests › numbers formatted according to locale" classname="i18n.spec.ts" time="0">
<skipped>
</skipped>
</testcase>
<testcase name="Internationalization Tests › RTL support for applicable languages" classname="i18n.spec.ts" time="0">
<skipped>
</skipped>
</testcase>
<testcase name="Internationalization Tests › language switcher accessibility" classname="i18n.spec.ts" time="0">
<skipped>
</skipped>
</testcase>
<testcase name="Internationalization Tests › language preference in URL" classname="i18n.spec.ts" time="0">
<skipped>
</skipped>
</testcase>
<testcase name="Internationalization Tests › language preference in cookies" classname="i18n.spec.ts" time="0">
<skipped>
</skipped>
</testcase>
<testcase name="Internationalization Tests › currency and unit formatting by locale" classname="i18n.spec.ts" time="0">
<skipped>
</skipped>
</testcase>
<testcase name="Internationalization Tests › cross-browser i18n support" classname="i18n.spec.ts" time="0">
<skipped>
</skipped>
</testcase>
</testsuite>
<testsuite name="responsive.spec.ts" timestamp="2026-02-12T04:36:41.162Z" hostname="Mobile Chrome" tests="15" failures="0" skipped="15" time="0" errors="0">
<testcase name="Responsive Design Tests › desktop viewport (1920x1080) displays correctly" classname="responsive.spec.ts" time="0">
<skipped>
</skipped>
</testcase>
<testcase name="Responsive Design Tests › tablet viewport (768x1024) displays correctly" classname="responsive.spec.ts" time="0">
<skipped>
</skipped>
</testcase>
<testcase name="Responsive Design Tests › mobile viewport (375x667) displays correctly" classname="responsive.spec.ts" time="0">
<skipped>
</skipped>
</testcase>
<testcase name="Responsive Design Tests › sidebar behaves correctly across viewports" classname="responsive.spec.ts" time="0">
<skipped>
</skipped>
</testcase>
<testcase name="Responsive Design Tests › adaptive tables on different viewports" classname="responsive.spec.ts" time="0">
<skipped>
</skipped>
</testcase>
<testcase name="Responsive Design Tests › hamburger menu functionality on mobile" classname="responsive.spec.ts" time="0">
<skipped>
</skipped>
</testcase>
<testcase name="Responsive Design Tests › responsive navigation across all pages" classname="responsive.spec.ts" time="0">
<skipped>
</skipped>
</testcase>
<testcase name="Responsive Design Tests › touch targets are appropriately sized on mobile" classname="responsive.spec.ts" time="0">
<skipped>
</skipped>
</testcase>
<testcase name="Responsive Design Tests › responsive images and media" classname="responsive.spec.ts" time="0">
<skipped>
</skipped>
</testcase>
<testcase name="Responsive Design Tests › responsive typography scales correctly" classname="responsive.spec.ts" time="0">
<skipped>
</skipped>
</testcase>
<testcase name="Responsive Design Tests › responsive forms and inputs" classname="responsive.spec.ts" time="0">
<skipped>
</skipped>
</testcase>
<testcase name="Responsive Design Tests › orientation change handling" classname="responsive.spec.ts" time="0">
<skipped>
</skipped>
</testcase>
<testcase name="Responsive Design Tests › responsive accessibility compliance" classname="responsive.spec.ts" time="0">
<skipped>
</skipped>
</testcase>
<testcase name="Responsive Design Tests › responsive performance on viewport change" classname="responsive.spec.ts" time="0">
<skipped>
</skipped>
</testcase>
<testcase name="Responsive Design Tests › cross-browser responsive rendering" classname="responsive.spec.ts" time="0">
<skipped>
</skipped>
</testcase>
</testsuite>
<testsuite name="dashboard.spec.ts" timestamp="2026-02-12T04:36:41.162Z" hostname="Mobile Safari" tests="12" failures="0" skipped="12" time="0" errors="0">
<testcase name="Dashboard Tests › stats cards display correct data" classname="dashboard.spec.ts" time="0">
<skipped>
</skipped>
</testcase>
<testcase name="Dashboard Tests › container counters update correctly" classname="dashboard.spec.ts" time="0">
<skipped>
</skipped>
</testcase>
<testcase name="Dashboard Tests › image counters display correctly" classname="dashboard.spec.ts" time="0">
<skipped>
</skipped>
</testcase>
<testcase name="Dashboard Tests › volume and network counters" classname="dashboard.spec.ts" time="0">
<skipped>
</skipped>
</testcase>
<testcase name="Dashboard Tests › quick actions work correctly" classname="dashboard.spec.ts" time="0">
<skipped>
</skipped>
</testcase>
<testcase name="Dashboard Tests › resource graphs are displayed" classname="dashboard.spec.ts" time="0">
<skipped>
</skipped>
</testcase>
<testcase name="Dashboard Tests › recent alerts are displayed" classname="dashboard.spec.ts" time="0">
<skipped>
</skipped>
</testcase>
<testcase name="Dashboard Tests › responsive design across viewports" classname="dashboard.spec.ts" time="0">
<skipped>
</skipped>
</testcase>
<testcase name="Dashboard Tests › dashboard accessibility compliance" classname="dashboard.spec.ts" time="0">
<skipped>
</skipped>
</testcase>
<testcase name="Dashboard Tests › dashboard performance budget" classname="dashboard.spec.ts" time="0">
<skipped>
</skipped>
</testcase>
<testcase name="Dashboard Tests › data refresh and auto-update" classname="dashboard.spec.ts" time="0">
<skipped>
</skipped>
</testcase>
<testcase name="Dashboard Tests › cross-browser dashboard rendering" classname="dashboard.spec.ts" time="0">
<skipped>
</skipped>
</testcase>
</testsuite>
<testsuite name="i18n.spec.ts" timestamp="2026-02-12T04:36:41.162Z" hostname="Mobile Safari" tests="15" failures="0" skipped="15" time="0" errors="0">
<testcase name="Internationalization Tests › change language to Español (es)" classname="i18n.spec.ts" time="0">
<skipped>
</skipped>
</testcase>
<testcase name="Internationalization Tests › change language to English (en)" classname="i18n.spec.ts" time="0">
<skipped>
</skipped>
</testcase>
<testcase name="Internationalization Tests › change language to Français (fr)" classname="i18n.spec.ts" time="0">
<skipped>
</skipped>
</testcase>
<testcase name="Internationalization Tests › change language to Deutsch (de)" classname="i18n.spec.ts" time="0">
<skipped>
</skipped>
</testcase>
<testcase name="Internationalization Tests › change language to 中文 (zh)" classname="i18n.spec.ts" time="0">
<skipped>
</skipped>
</testcase>
<testcase name="Internationalization Tests › texts translated correctly" classname="i18n.spec.ts" time="0">
<skipped>
</skipped>
</testcase>
<testcase name="Internationalization Tests › language persistence" classname="i18n.spec.ts" time="0">
<skipped>
</skipped>
</testcase>
<testcase name="Internationalization Tests › dates formatted according to locale" classname="i18n.spec.ts" time="0">
<skipped>
</skipped>
</testcase>
<testcase name="Internationalization Tests › numbers formatted according to locale" classname="i18n.spec.ts" time="0">
<skipped>
</skipped>
</testcase>
<testcase name="Internationalization Tests › RTL support for applicable languages" classname="i18n.spec.ts" time="0">
<skipped>
</skipped>
</testcase>
<testcase name="Internationalization Tests › language switcher accessibility" classname="i18n.spec.ts" time="0">
<skipped>
</skipped>
</testcase>
<testcase name="Internationalization Tests › language preference in URL" classname="i18n.spec.ts" time="0">
<skipped>
</skipped>
</testcase>
<testcase name="Internationalization Tests › language preference in cookies" classname="i18n.spec.ts" time="0">
<skipped>
</skipped>
</testcase>
<testcase name="Internationalization Tests › currency and unit formatting by locale" classname="i18n.spec.ts" time="0">
<skipped>
</skipped>
</testcase>
<testcase name="Internationalization Tests › cross-browser i18n support" classname="i18n.spec.ts" time="0">
<skipped>
</skipped>
</testcase>
</testsuite>
<testsuite name="responsive.spec.ts" timestamp="2026-02-12T04:36:41.162Z" hostname="Mobile Safari" tests="15" failures="0" skipped="15" time="0" errors="0">
<testcase name="Responsive Design Tests › desktop viewport (1920x1080) displays correctly" classname="responsive.spec.ts" time="0">
<skipped>
</skipped>
</testcase>
<testcase name="Responsive Design Tests › tablet viewport (768x1024) displays correctly" classname="responsive.spec.ts" time="0">
<skipped>
</skipped>
</testcase>
<testcase name="Responsive Design Tests › mobile viewport (375x667) displays correctly" classname="responsive.spec.ts" time="0">
<skipped>
</skipped>
</testcase>
<testcase name="Responsive Design Tests › sidebar behaves correctly across viewports" classname="responsive.spec.ts" time="0">
<skipped>
</skipped>
</testcase>
<testcase name="Responsive Design Tests › adaptive tables on different viewports" classname="responsive.spec.ts" time="0">
<skipped>
</skipped>
</testcase>
<testcase name="Responsive Design Tests › hamburger menu functionality on mobile" classname="responsive.spec.ts" time="0">
<skipped>
</skipped>
</testcase>
<testcase name="Responsive Design Tests › responsive navigation across all pages" classname="responsive.spec.ts" time="0">
<skipped>
</skipped>
</testcase>
<testcase name="Responsive Design Tests › touch targets are appropriately sized on mobile" classname="responsive.spec.ts" time="0">
<skipped>
</skipped>
</testcase>
<testcase name="Responsive Design Tests › responsive images and media" classname="responsive.spec.ts" time="0">
<skipped>
</skipped>
</testcase>
<testcase name="Responsive Design Tests › responsive typography scales correctly" classname="responsive.spec.ts" time="0">
<skipped>
</skipped>
</testcase>
<testcase name="Responsive Design Tests › responsive forms and inputs" classname="responsive.spec.ts" time="0">
<skipped>
</skipped>
</testcase>
<testcase name="Responsive Design Tests › orientation change handling" classname="responsive.spec.ts" time="0">
<skipped>
</skipped>
</testcase>
<testcase name="Responsive Design Tests › responsive accessibility compliance" classname="responsive.spec.ts" time="0">
<skipped>
</skipped>
</testcase>
<testcase name="Responsive Design Tests › responsive performance on viewport change" classname="responsive.spec.ts" time="0">
<skipped>
</skipped>
</testcase>
<testcase name="Responsive Design Tests › cross-browser responsive rendering" classname="responsive.spec.ts" time="0">
<skipped>
</skipped>
</testcase>
</testsuite>
</testsuites>